3688 initialise_clink          100 Host process is 'cmd.exe'
3688 hook_setter::hook_setter   36 >>> Started hook transaction.
3688 hook_iat                   53 Attempting to hook IAT for module 00007FF7FAD90000
3688 hook_iat                   54 Target is (null),SetEnvironmentVariableW (by_name=1)
3688 pe_info::iterate_imports  154 Checking imports in 'msvcrt.dll'
3688 pe_info::iterate_imports  154 Checking imports in 'ntdll.dll'
3688 pe_info::iterate_imports  154 Checking imports in 'api-ms-win-core-kernel32-legacy-l1-1-0.dll'
3688 pe_info::iterate_imports  154 Checking imports in 'api-ms-win-core-libraryloader-l1-2-0.dll'
3688 pe_info::iterate_imports  154 Checking imports in 'api-ms-win-core-synch-l1-1-0.dll'
3688 pe_info::iterate_imports  154 Checking imports in 'api-ms-win-core-heap-l1-1-0.dll'
3688 pe_info::iterate_imports  154 Checking imports in 'api-ms-win-core-errorhandling-l1-1-0.dll'
3688 pe_info::iterate_imports  154 Checking imports in 'api-ms-win-core-processthreads-l1-1-0.dll'
3688 pe_info::iterate_imports  154 Checking imports in 'api-ms-win-core-localization-l1-2-0.dll'
3688 pe_info::iterate_imports  154 Checking imports in 'api-ms-win-core-debug-l1-1-0.dll'
3688 pe_info::iterate_imports  154 Checking imports in 'api-ms-win-core-handle-l1-1-0.dll'
3688 pe_info::iterate_imports  154 Checking imports in 'api-ms-win-core-memory-l1-1-0.dll'
3688 pe_info::iterate_imports  154 Checking imports in 'api-ms-win-core-console-l1-1-0.dll'
3688 pe_info::iterate_imports  154 Checking imports in 'api-ms-win-core-file-l1-1-0.dll'
3688 pe_info::iterate_imports  154 Checking imports in 'api-ms-win-core-string-l1-1-0.dll'
3688 pe_info::iterate_imports  154 Checking imports in 'api-ms-win-core-processenvironment-l1-1-0.dll'
3688 hook_iat                   81 Found import at 00007FF7FADC1830 (value = 00007FFD44B7B090)
3688 hook_iat                   53 Attempting to hook IAT for module 00007FFD08F40000
3688 hook_iat                   54 Target is (null),SetEnvironmentVariableW (by_name=1)
3688 pe_info::iterate_imports  154 Checking imports in 'VERSION.dll'
3688 pe_info::iterate_imports  154 Checking imports in 'SHLWAPI.dll'
3688 pe_info::iterate_imports  154 Checking imports in 'dbghelp.dll'
3688 pe_info::iterate_imports  154 Checking imports in 'KERNEL32.dll'
3688 hook_iat                   81 Found import at 00007FFD08FFC1D0 (value = 00007FFD457DED80)
3688 hook_iat                   53 Attempting to hook IAT for module 00007FF7FAD90000
3688 hook_iat                   54 Target is (null),WriteConsoleW (by_name=1)
3688 pe_info::iterate_imports  154 Checking imports in 'msvcrt.dll'
3688 pe_info::iterate_imports  154 Checking imports in 'ntdll.dll'
3688 pe_info::iterate_imports  154 Checking imports in 'api-ms-win-core-kernel32-legacy-l1-1-0.dll'
3688 pe_info::iterate_imports  154 Checking imports in 'api-ms-win-core-libraryloader-l1-2-0.dll'
3688 pe_info::iterate_imports  154 Checking imports in 'api-ms-win-core-synch-l1-1-0.dll'
3688 pe_info::iterate_imports  154 Checking imports in 'api-ms-win-core-heap-l1-1-0.dll'
3688 pe_info::iterate_imports  154 Checking imports in 'api-ms-win-core-errorhandling-l1-1-0.dll'
3688 pe_info::iterate_imports  154 Checking imports in 'api-ms-win-core-processthreads-l1-1-0.dll'
3688 pe_info::iterate_imports  154 Checking imports in 'api-ms-win-core-localization-l1-2-0.dll'
3688 pe_info::iterate_imports  154 Checking imports in 'api-ms-win-core-debug-l1-1-0.dll'
3688 pe_info::iterate_imports  154 Checking imports in 'api-ms-win-core-handle-l1-1-0.dll'
3688 pe_info::iterate_imports  154 Checking imports in 'api-ms-win-core-memory-l1-1-0.dll'
3688 pe_info::iterate_imports  154 Checking imports in 'api-ms-win-core-console-l1-1-0.dll'
3688 hook_iat                   81 Found import at 00007FF7FADC14C8 (value = 00007FFD44B24B60)
3688 hook_iat                   53 Attempting to hook IAT for module 00007FFD08F40000
3688 hook_iat                   54 Target is (null),WriteConsoleW (by_name=1)
3688 pe_info::iterate_imports  154 Checking imports in 'VERSION.dll'
3688 pe_info::iterate_imports  154 Checking imports in 'SHLWAPI.dll'
3688 pe_info::iterate_imports  154 Checking imports in 'dbghelp.dll'
3688 pe_info::iterate_imports  154 Checking imports in 'KERNEL32.dll'
3688 hook_iat                   81 Found import at 00007FFD08FFC0C8 (value = 00007FFD457E2940)
3688 hook_iat                   53 Attempting to hook IAT for module 00007FF7FAD90000
3688 hook_iat                   54 Target is (null),GetEnvironmentVariableW (by_name=1)
3688 pe_info::iterate_imports  154 Checking imports in 'msvcrt.dll'
3688 pe_info::iterate_imports  154 Checking imports in 'ntdll.dll'
3688 pe_info::iterate_imports  154 Checking imports in 'api-ms-win-core-kernel32-legacy-l1-1-0.dll'
3688 pe_info::iterate_imports  154 Checking imports in 'api-ms-win-core-libraryloader-l1-2-0.dll'
3688 pe_info::iterate_imports  154 Checking imports in 'api-ms-win-core-synch-l1-1-0.dll'
3688 pe_info::iterate_imports  154 Checking imports in 'api-ms-win-core-heap-l1-1-0.dll'
3688 pe_info::iterate_imports  154 Checking imports in 'api-ms-win-core-errorhandling-l1-1-0.dll'
3688 pe_info::iterate_imports  154 Checking imports in 'api-ms-win-core-processthreads-l1-1-0.dll'
3688 pe_info::iterate_imports  154 Checking imports in 'api-ms-win-core-localization-l1-2-0.dll'
3688 pe_info::iterate_imports  154 Checking imports in 'api-ms-win-core-debug-l1-1-0.dll'
3688 pe_info::iterate_imports  154 Checking imports in 'api-ms-win-core-handle-l1-1-0.dll'
3688 pe_info::iterate_imports  154 Checking imports in 'api-ms-win-core-memory-l1-1-0.dll'
3688 pe_info::iterate_imports  154 Checking imports in 'api-ms-win-core-console-l1-1-0.dll'
3688 pe_info::iterate_imports  154 Checking imports in 'api-ms-win-core-file-l1-1-0.dll'
3688 pe_info::iterate_imports  154 Checking imports in 'api-ms-win-core-string-l1-1-0.dll'
3688 pe_info::iterate_imports  154 Checking imports in 'api-ms-win-core-processenvironment-l1-1-0.dll'
3688 hook_iat                   81 Found import at 00007FF7FADC1850 (value = 00007FFD44B3E630)
3688 hook_iat                   53 Attempting to hook IAT for module 00007FFD08F40000
3688 hook_iat                   54 Target is (null),GetEnvironmentVariableW (by_name=1)
3688 pe_info::iterate_imports  154 Checking imports in 'VERSION.dll'
3688 pe_info::iterate_imports  154 Checking imports in 'SHLWAPI.dll'
3688 pe_info::iterate_imports  154 Checking imports in 'dbghelp.dll'
3688 pe_info::iterate_imports  154 Checking imports in 'KERNEL32.dll'
3688 hook_iat                   81 Found import at 00007FFD08FFC1C8 (value = 00007FFD457DAAF0)
3688 hook_setter::commit        88 <<< Hook transaction committed.
3688 hook_iat                   53 Attempting to hook IAT for module 00007FF7FAD90000
3688 hook_iat                   54 Target is (null),GetEnvironmentVariableW (by_name=1)
3688 pe_info::iterate_imports  154 Checking imports in 'msvcrt.dll'
3688 pe_info::iterate_imports  154 Checking imports in 'ntdll.dll'
3688 pe_info::iterate_imports  154 Checking imports in 'api-ms-win-core-kernel32-legacy-l1-1-0.dll'
3688 pe_info::iterate_imports  154 Checking imports in 'api-ms-win-core-libraryloader-l1-2-0.dll'
3688 pe_info::iterate_imports  154 Checking imports in 'api-ms-win-core-synch-l1-1-0.dll'
3688 pe_info::iterate_imports  154 Checking imports in 'api-ms-win-core-heap-l1-1-0.dll'
3688 pe_info::iterate_imports  154 Checking imports in 'api-ms-win-core-errorhandling-l1-1-0.dll'
3688 pe_info::iterate_imports  154 Checking imports in 'api-ms-win-core-processthreads-l1-1-0.dll'
3688 pe_info::iterate_imports  154 Checking imports in 'api-ms-win-core-localization-l1-2-0.dll'
3688 pe_info::iterate_imports  154 Checking imports in 'api-ms-win-core-debug-l1-1-0.dll'
3688 pe_info::iterate_imports  154 Checking imports in 'api-ms-win-core-handle-l1-1-0.dll'
3688 pe_info::iterate_imports  154 Checking imports in 'api-ms-win-core-memory-l1-1-0.dll'
3688 pe_info::iterate_imports  154 Checking imports in 'api-ms-win-core-console-l1-1-0.dll'
3688 pe_info::iterate_imports  154 Checking imports in 'api-ms-win-core-file-l1-1-0.dll'
3688 pe_info::iterate_imports  154 Checking imports in 'api-ms-win-core-string-l1-1-0.dll'
3688 pe_info::iterate_imports  154 Checking imports in 'api-ms-win-core-processenvironment-l1-1-0.dll'
3688 hook_iat                   81 Found import at 00007FF7FADC1850 (value = 00007FFD08F4D770)
3688 hook_setter::hook_setter   36 >>> Started hook transaction.
3688 hook_setter::add_detour   119 Attempting to hook ReadConsoleW in kernelbase.dll with 00007FFD08F4DAE0.
3688 add_repair_iat_node       135 Attempting to hook IAT for module 00007FFD08F40000.
3688 add_repair_iat_node       143 Target is ReadConsoleW (by name).
3688 pe_info::iterate_imports  154 Checking imports in 'VERSION.dll'
3688 pe_info::iterate_imports  154 Checking imports in 'SHLWAPI.dll'
3688 pe_info::iterate_imports  154 Checking imports in 'dbghelp.dll'
3688 pe_info::iterate_imports  154 Checking imports in 'KERNEL32.dll'
3688 add_repair_iat_node       168 Found import at 00007FFD08FFC1C0 (value is 00007FFD457E28F0).
3688 hook_setter::add_detour   119 Attempting to hook ReadConsoleW in kernel32.dll with 00007FFD08F4DAE0.
3688 follow_jump               121 Following jump to 00007FFD44C041C0
3688 add_repair_iat_node       135 Attempting to hook IAT for module 00007FFD08F40000.
3688 add_repair_iat_node       143 Target is ReadConsoleW (by name).
3688 pe_info::iterate_imports  154 Checking imports in 'VERSION.dll'
3688 pe_info::iterate_imports  154 Checking imports in 'SHLWAPI.dll'
3688 pe_info::iterate_imports  154 Checking imports in 'dbghelp.dll'
3688 pe_info::iterate_imports  154 Checking imports in 'KERNEL32.dll'
3688 add_repair_iat_node       168 Found import at 00007FFD08FFC1C0 (value is 00007FFD457E28F0).
3688 hook_setter::commit        88 <<< Hook transaction committed.
3688 extract_ctag              638 read 0 bytes
3688 extract_ctag              638 read 0 bytes
3688 history_db::initialise    789 master bank ctag: |CTAG_1612254756_86747437_13960_0
3688 history_db::compact       922 History:  0 active, 0 deleted
3688 win_screen_buffer::begin   77 Using native terminal support; found 'conemuhk64.dll'.
3688 history_db::compact       922 History:  0 active, 0 deleted
3688 history_db::compact       922 History:  0 active, 0 deleted
3688 history_db::compact       922 History:  0 active, 0 deleted
3688 history_db::compact       922 History:  0 active, 0 deleted
3688 history_db::compact       922 History:  0 active, 0 deleted
3688 history_db::compact       922 History:  0 active, 0 deleted
3688 history_db::compact       922 History:  0 active, 0 deleted
3688 history_db::compact       922 History:  0 active, 0 deleted
3688 history_db::compact       922 History:  0 active, 0 deleted
3688 history_db::compact       922 History:  0 active, 0 deleted
3688 history_db::compact       922 History:  0 active, 0 deleted
3688 history_db::compact       922 History:  0 active, 0 deleted
3688 history_db::compact       922 History:  0 active, 0 deleted
3688 history_db::compact       922 History:  0 active, 0 deleted
3688 history_db::compact       922 History:  0 active, 0 deleted
3688 history_db::compact       922 History:  0 active, 0 deleted
3688 history_db::compact       922 History:  0 active, 0 deleted
3688 history_db::compact       922 History:  0 active, 0 deleted
3688 history_db::compact       922 History:  0 active, 0 deleted
3688 history_db::compact       922 History:  0 active, 0 deleted
3688 history_db::compact       922 History:  0 active, 0 deleted
3688 history_db::compact       922 History:  0 active, 0 deleted
3688 history_db::compact       922 History:  0 active, 0 deleted
3688 history_db::compact       922 History:  0 active, 0 deleted
3688 history_db::compact       922 History:  0 active, 0 deleted
3688 history_db::compact       922 History:  0 active, 0 deleted
3688 history_db::compact       922 History:  0 active, 0 deleted
3688 history_db::compact       922 History:  0 active, 0 deleted
3688 history_db::compact       922 History:  0 active, 0 deleted
16538 initialise_clink          100 Host process is 'cmd.exe'
16538 hook_setter::hook_setter   36 >>> Started hook transaction.
16538 hook_iat                   53 Attempting to hook IAT for module 00007FF7FAD90000
16538 hook_iat                   54 Target is (null),SetEnvironmentVariableW (by_name=1)
16538 pe_info::iterate_imports  154 Checking imports in 'msvcrt.dll'
16538 pe_info::iterate_imports  154 Checking imports in 'ntdll.dll'
16538 pe_info::iterate_imports  154 Checking imports in 'api-ms-win-core-kernel32-legacy-l1-1-0.dll'
16538 pe_info::iterate_imports  154 Checking imports in 'api-ms-win-core-libraryloader-l1-2-0.dll'
16538 pe_info::iterate_imports  154 Checking imports in 'api-ms-win-core-synch-l1-1-0.dll'
16538 pe_info::iterate_imports  154 Checking imports in 'api-ms-win-core-heap-l1-1-0.dll'
16538 pe_info::iterate_imports  154 Checking imports in 'api-ms-win-core-errorhandling-l1-1-0.dll'
16538 pe_info::iterate_imports  154 Checking imports in 'api-ms-win-core-processthreads-l1-1-0.dll'
16538 pe_info::iterate_imports  154 Checking imports in 'api-ms-win-core-localization-l1-2-0.dll'
16538 pe_info::iterate_imports  154 Checking imports in 'api-ms-win-core-debug-l1-1-0.dll'
16538 pe_info::iterate_imports  154 Checking imports in 'api-ms-win-core-handle-l1-1-0.dll'
16538 pe_info::iterate_imports  154 Checking imports in 'api-ms-win-core-memory-l1-1-0.dll'
16538 pe_info::iterate_imports  154 Checking imports in 'api-ms-win-core-console-l1-1-0.dll'
16538 pe_info::iterate_imports  154 Checking imports in 'api-ms-win-core-file-l1-1-0.dll'
16538 pe_info::iterate_imports  154 Checking imports in 'api-ms-win-core-string-l1-1-0.dll'
16538 pe_info::iterate_imports  154 Checking imports in 'api-ms-win-core-processenvironment-l1-1-0.dll'
16538 hook_iat                   81 Found import at 00007FF7FADC1830 (value = 00007FFD44B7B090)
16538 hook_iat                   53 Attempting to hook IAT for module 00007FFCFD8B0000
16538 hook_iat                   54 Target is (null),SetEnvironmentVariableW (by_name=1)
16538 pe_info::iterate_imports  154 Checking imports in 'VERSION.dll'
16538 pe_info::iterate_imports  154 Checking imports in 'SHLWAPI.dll'
16538 pe_info::iterate_imports  154 Checking imports in 'dbghelp.dll'
16538 pe_info::iterate_imports  154 Checking imports in 'KERNEL32.dll'
16538 hook_iat                   81 Found import at 00007FFCFD96C1D0 (value = 00007FFD457DED80)
16538 hook_iat                   53 Attempting to hook IAT for module 00007FF7FAD90000
16538 hook_iat                   54 Target is (null),WriteConsoleW (by_name=1)
16538 pe_info::iterate_imports  154 Checking imports in 'msvcrt.dll'
16538 pe_info::iterate_imports  154 Checking imports in 'ntdll.dll'
16538 pe_info::iterate_imports  154 Checking imports in 'api-ms-win-core-kernel32-legacy-l1-1-0.dll'
16538 pe_info::iterate_imports  154 Checking imports in 'api-ms-win-core-libraryloader-l1-2-0.dll'
16538 pe_info::iterate_imports  154 Checking imports in 'api-ms-win-core-synch-l1-1-0.dll'
16538 pe_info::iterate_imports  154 Checking imports in 'api-ms-win-core-heap-l1-1-0.dll'
16538 pe_info::iterate_imports  154 Checking imports in 'api-ms-win-core-errorhandling-l1-1-0.dll'
16538 pe_info::iterate_imports  154 Checking imports in 'api-ms-win-core-processthreads-l1-1-0.dll'
16538 pe_info::iterate_imports  154 Checking imports in 'api-ms-win-core-localization-l1-2-0.dll'
16538 pe_info::iterate_imports  154 Checking imports in 'api-ms-win-core-debug-l1-1-0.dll'
16538 pe_info::iterate_imports  154 Checking imports in 'api-ms-win-core-handle-l1-1-0.dll'
16538 pe_info::iterate_imports  154 Checking imports in 'api-ms-win-core-memory-l1-1-0.dll'
16538 pe_info::iterate_imports  154 Checking imports in 'api-ms-win-core-console-l1-1-0.dll'
16538 hook_iat                   81 Found import at 00007FF7FADC14C8 (value = 00007FFD44B24B60)
16538 hook_iat                   53 Attempting to hook IAT for module 00007FFCFD8B0000
16538 hook_iat                   54 Target is (null),WriteConsoleW (by_name=1)
16538 pe_info::iterate_imports  154 Checking imports in 'VERSION.dll'
16538 pe_info::iterate_imports  154 Checking imports in 'SHLWAPI.dll'
16538 pe_info::iterate_imports  154 Checking imports in 'dbghelp.dll'
16538 pe_info::iterate_imports  154 Checking imports in 'KERNEL32.dll'
16538 hook_iat                   81 Found import at 00007FFCFD96C0C8 (value = 00007FFD457E2940)
16538 hook_iat                   53 Attempting to hook IAT for module 00007FF7FAD90000
16538 hook_iat                   54 Target is (null),GetEnvironmentVariableW (by_name=1)
16538 pe_info::iterate_imports  154 Checking imports in 'msvcrt.dll'
16538 pe_info::iterate_imports  154 Checking imports in 'ntdll.dll'
16538 pe_info::iterate_imports  154 Checking imports in 'api-ms-win-core-kernel32-legacy-l1-1-0.dll'
16538 pe_info::iterate_imports  154 Checking imports in 'api-ms-win-core-libraryloader-l1-2-0.dll'
16538 pe_info::iterate_imports  154 Checking imports in 'api-ms-win-core-synch-l1-1-0.dll'
16538 pe_info::iterate_imports  154 Checking imports in 'api-ms-win-core-heap-l1-1-0.dll'
16538 pe_info::iterate_imports  154 Checking imports in 'api-ms-win-core-errorhandling-l1-1-0.dll'
16538 pe_info::iterate_imports  154 Checking imports in 'api-ms-win-core-processthreads-l1-1-0.dll'
16538 pe_info::iterate_imports  154 Checking imports in 'api-ms-win-core-localization-l1-2-0.dll'
16538 pe_info::iterate_imports  154 Checking imports in 'api-ms-win-core-debug-l1-1-0.dll'
16538 pe_info::iterate_imports  154 Checking imports in 'api-ms-win-core-handle-l1-1-0.dll'
16538 pe_info::iterate_imports  154 Checking imports in 'api-ms-win-core-memory-l1-1-0.dll'
16538 pe_info::iterate_imports  154 Checking imports in 'api-ms-win-core-console-l1-1-0.dll'
16538 pe_info::iterate_imports  154 Checking imports in 'api-ms-win-core-file-l1-1-0.dll'
16538 pe_info::iterate_imports  154 Checking imports in 'api-ms-win-core-string-l1-1-0.dll'
16538 pe_info::iterate_imports  154 Checking imports in 'api-ms-win-core-processenvironment-l1-1-0.dll'
16538 hook_iat                   81 Found import at 00007FF7FADC1850 (value = 00007FFD44B3E630)
16538 hook_iat                   53 Attempting to hook IAT for module 00007FFCFD8B0000
16538 hook_iat                   54 Target is (null),GetEnvironmentVariableW (by_name=1)
16538 pe_info::iterate_imports  154 Checking imports in 'VERSION.dll'
16538 pe_info::iterate_imports  154 Checking imports in 'SHLWAPI.dll'
16538 pe_info::iterate_imports  154 Checking imports in 'dbghelp.dll'
16538 pe_info::iterate_imports  154 Checking imports in 'KERNEL32.dll'
16538 hook_iat                   81 Found import at 00007FFCFD96C1C8 (value = 00007FFD457DAAF0)
16538 hook_setter::commit        88 <<< Hook transaction committed.
16538 hook_iat                   53 Attempting to hook IAT for module 00007FF7FAD90000
16538 hook_iat                   54 Target is (null),GetEnvironmentVariableW (by_name=1)
16538 pe_info::iterate_imports  154 Checking imports in 'msvcrt.dll'
16538 pe_info::iterate_imports  154 Checking imports in 'ntdll.dll'
16538 pe_info::iterate_imports  154 Checking imports in 'api-ms-win-core-kernel32-legacy-l1-1-0.dll'
16538 pe_info::iterate_imports  154 Checking imports in 'api-ms-win-core-libraryloader-l1-2-0.dll'
16538 pe_info::iterate_imports  154 Checking imports in 'api-ms-win-core-synch-l1-1-0.dll'
16538 pe_info::iterate_imports  154 Checking imports in 'api-ms-win-core-heap-l1-1-0.dll'
16538 pe_info::iterate_imports  154 Checking imports in 'api-ms-win-core-errorhandling-l1-1-0.dll'
16538 pe_info::iterate_imports  154 Checking imports in 'api-ms-win-core-processthreads-l1-1-0.dll'
16538 pe_info::iterate_imports  154 Checking imports in 'api-ms-win-core-localization-l1-2-0.dll'
16538 pe_info::iterate_imports  154 Checking imports in 'api-ms-win-core-debug-l1-1-0.dll'
16538 pe_info::iterate_imports  154 Checking imports in 'api-ms-win-core-handle-l1-1-0.dll'
16538 pe_info::iterate_imports  154 Checking imports in 'api-ms-win-core-memory-l1-1-0.dll'
16538 pe_info::iterate_imports  154 Checking imports in 'api-ms-win-core-console-l1-1-0.dll'
16538 pe_info::iterate_imports  154 Checking imports in 'api-ms-win-core-file-l1-1-0.dll'
16538 pe_info::iterate_imports  154 Checking imports in 'api-ms-win-core-string-l1-1-0.dll'
16538 pe_info::iterate_imports  154 Checking imports in 'api-ms-win-core-processenvironment-l1-1-0.dll'
16538 hook_iat                   81 Found import at 00007FF7FADC1850 (value = 00007FFCFD8BD770)
16538 hook_setter::hook_setter   36 >>> Started hook transaction.
16538 hook_setter::add_detour   119 Attempting to hook ReadConsoleW in kernelbase.dll with 00007FFCFD8BDAE0.
16538 add_repair_iat_node       135 Attempting to hook IAT for module 00007FFCFD8B0000.
16538 add_repair_iat_node       143 Target is ReadConsoleW (by name).
16538 pe_info::iterate_imports  154 Checking imports in 'VERSION.dll'
16538 pe_info::iterate_imports  154 Checking imports in 'SHLWAPI.dll'
16538 pe_info::iterate_imports  154 Checking imports in 'dbghelp.dll'
16538 pe_info::iterate_imports  154 Checking imports in 'KERNEL32.dll'
16538 add_repair_iat_node       168 Found import at 00007FFCFD96C1C0 (value is 00007FFD457E28F0).
16538 hook_setter::add_detour   119 Attempting to hook ReadConsoleW in kernel32.dll with 00007FFCFD8BDAE0.
16538 follow_jump               121 Following jump to 00007FFD44C041C0
16538 add_repair_iat_node       135 Attempting to hook IAT for module 00007FFCFD8B0000.
16538 add_repair_iat_node       143 Target is ReadConsoleW (by name).
16538 pe_info::iterate_imports  154 Checking imports in 'VERSION.dll'
16538 pe_info::iterate_imports  154 Checking imports in 'SHLWAPI.dll'
16538 pe_info::iterate_imports  154 Checking imports in 'dbghelp.dll'
16538 pe_info::iterate_imports  154 Checking imports in 'KERNEL32.dll'
16538 add_repair_iat_node       168 Found import at 00007FFCFD96C1C0 (value is 00007FFD457E28F0).
16538 hook_setter::commit        88 <<< Hook transaction committed.
16538 history_db::initialise    789 master bank ctag: |CTAG_1612254756_86747437_13960_0
16538 history_db::compact       922 History:  20 active, 9 deleted
16538 win_screen_buffer::begin   77 Using native terminal support; found 'conemuhk64.dll'.
16538 history_db::compact       922 History:  20 active, 9 deleted
16538 history_db::compact       922 History:  20 active, 9 deleted
16538 history_db::compact       922 History:  20 active, 9 deleted
16538 history_db::compact       922 History:  20 active, 9 deleted
16538 history_db::compact       922 History:  20 active, 9 deleted
182cc initialise_clink          100 Host process is 'cmd.exe'
182cc hook_setter::hook_setter   36 >>> Started hook transaction.
182cc hook_iat                   53 Attempting to hook IAT for module 00007FF7FAD90000
182cc hook_iat                   54 Target is (null),SetEnvironmentVariableW (by_name=1)
182cc pe_info::iterate_imports  154 Checking imports in 'msvcrt.dll'
182cc pe_info::iterate_imports  154 Checking imports in 'ntdll.dll'
182cc pe_info::iterate_imports  154 Checking imports in 'api-ms-win-core-kernel32-legacy-l1-1-0.dll'
182cc pe_info::iterate_imports  154 Checking imports in 'api-ms-win-core-libraryloader-l1-2-0.dll'
182cc pe_info::iterate_imports  154 Checking imports in 'api-ms-win-core-synch-l1-1-0.dll'
182cc pe_info::iterate_imports  154 Checking imports in 'api-ms-win-core-heap-l1-1-0.dll'
182cc pe_info::iterate_imports  154 Checking imports in 'api-ms-win-core-errorhandling-l1-1-0.dll'
182cc pe_info::iterate_imports  154 Checking imports in 'api-ms-win-core-processthreads-l1-1-0.dll'
182cc pe_info::iterate_imports  154 Checking imports in 'api-ms-win-core-localization-l1-2-0.dll'
182cc pe_info::iterate_imports  154 Checking imports in 'api-ms-win-core-debug-l1-1-0.dll'
182cc pe_info::iterate_imports  154 Checking imports in 'api-ms-win-core-handle-l1-1-0.dll'
182cc pe_info::iterate_imports  154 Checking imports in 'api-ms-win-core-memory-l1-1-0.dll'
182cc pe_info::iterate_imports  154 Checking imports in 'api-ms-win-core-console-l1-1-0.dll'
182cc pe_info::iterate_imports  154 Checking imports in 'api-ms-win-core-file-l1-1-0.dll'
182cc pe_info::iterate_imports  154 Checking imports in 'api-ms-win-core-string-l1-1-0.dll'
182cc pe_info::iterate_imports  154 Checking imports in 'api-ms-win-core-processenvironment-l1-1-0.dll'
182cc hook_iat                   81 Found import at 00007FF7FADC1830 (value = 00007FFD44B7B090)
182cc hook_iat                   53 Attempting to hook IAT for module 00007FFD0C490000
182cc hook_iat                   54 Target is (null),SetEnvironmentVariableW (by_name=1)
182cc pe_info::iterate_imports  154 Checking imports in 'VERSION.dll'
182cc pe_info::iterate_imports  154 Checking imports in 'SHLWAPI.dll'
182cc pe_info::iterate_imports  154 Checking imports in 'dbghelp.dll'
182cc pe_info::iterate_imports  154 Checking imports in 'KERNEL32.dll'
182cc hook_iat                   81 Found import at 00007FFD0C54C1D0 (value = 00007FFD457DED80)
182cc hook_iat                   53 Attempting to hook IAT for module 00007FF7FAD90000
182cc hook_iat                   54 Target is (null),WriteConsoleW (by_name=1)
182cc pe_info::iterate_imports  154 Checking imports in 'msvcrt.dll'
182cc pe_info::iterate_imports  154 Checking imports in 'ntdll.dll'
182cc pe_info::iterate_imports  154 Checking imports in 'api-ms-win-core-kernel32-legacy-l1-1-0.dll'
182cc pe_info::iterate_imports  154 Checking imports in 'api-ms-win-core-libraryloader-l1-2-0.dll'
182cc pe_info::iterate_imports  154 Checking imports in 'api-ms-win-core-synch-l1-1-0.dll'
182cc pe_info::iterate_imports  154 Checking imports in 'api-ms-win-core-heap-l1-1-0.dll'
182cc pe_info::iterate_imports  154 Checking imports in 'api-ms-win-core-errorhandling-l1-1-0.dll'
182cc pe_info::iterate_imports  154 Checking imports in 'api-ms-win-core-processthreads-l1-1-0.dll'
182cc pe_info::iterate_imports  154 Checking imports in 'api-ms-win-core-localization-l1-2-0.dll'
182cc pe_info::iterate_imports  154 Checking imports in 'api-ms-win-core-debug-l1-1-0.dll'
182cc pe_info::iterate_imports  154 Checking imports in 'api-ms-win-core-handle-l1-1-0.dll'
182cc pe_info::iterate_imports  154 Checking imports in 'api-ms-win-core-memory-l1-1-0.dll'
182cc pe_info::iterate_imports  154 Checking imports in 'api-ms-win-core-console-l1-1-0.dll'
182cc hook_iat                   81 Found import at 00007FF7FADC14C8 (value = 00007FFD44B24B60)
182cc hook_iat                   53 Attempting to hook IAT for module 00007FFD0C490000
182cc hook_iat                   54 Target is (null),WriteConsoleW (by_name=1)
182cc pe_info::iterate_imports  154 Checking imports in 'VERSION.dll'
182cc pe_info::iterate_imports  154 Checking imports in 'SHLWAPI.dll'
182cc pe_info::iterate_imports  154 Checking imports in 'dbghelp.dll'
182cc pe_info::iterate_imports  154 Checking imports in 'KERNEL32.dll'
182cc hook_iat                   81 Found import at 00007FFD0C54C0C8 (value = 00007FFD457E2940)
182cc hook_iat                   53 Attempting to hook IAT for module 00007FF7FAD90000
182cc hook_iat                   54 Target is (null),GetEnvironmentVariableW (by_name=1)
182cc pe_info::iterate_imports  154 Checking imports in 'msvcrt.dll'
182cc pe_info::iterate_imports  154 Checking imports in 'ntdll.dll'
182cc pe_info::iterate_imports  154 Checking imports in 'api-ms-win-core-kernel32-legacy-l1-1-0.dll'
182cc pe_info::iterate_imports  154 Checking imports in 'api-ms-win-core-libraryloader-l1-2-0.dll'
182cc pe_info::iterate_imports  154 Checking imports in 'api-ms-win-core-synch-l1-1-0.dll'
182cc pe_info::iterate_imports  154 Checking imports in 'api-ms-win-core-heap-l1-1-0.dll'
182cc pe_info::iterate_imports  154 Checking imports in 'api-ms-win-core-errorhandling-l1-1-0.dll'
182cc pe_info::iterate_imports  154 Checking imports in 'api-ms-win-core-processthreads-l1-1-0.dll'
182cc pe_info::iterate_imports  154 Checking imports in 'api-ms-win-core-localization-l1-2-0.dll'
182cc pe_info::iterate_imports  154 Checking imports in 'api-ms-win-core-debug-l1-1-0.dll'
182cc pe_info::iterate_imports  154 Checking imports in 'api-ms-win-core-handle-l1-1-0.dll'
182cc pe_info::iterate_imports  154 Checking imports in 'api-ms-win-core-memory-l1-1-0.dll'
182cc pe_info::iterate_imports  154 Checking imports in 'api-ms-win-core-console-l1-1-0.dll'
182cc pe_info::iterate_imports  154 Checking imports in 'api-ms-win-core-file-l1-1-0.dll'
182cc pe_info::iterate_imports  154 Checking imports in 'api-ms-win-core-string-l1-1-0.dll'
182cc pe_info::iterate_imports  154 Checking imports in 'api-ms-win-core-processenvironment-l1-1-0.dll'
182cc hook_iat                   81 Found import at 00007FF7FADC1850 (value = 00007FFD44B3E630)
182cc hook_iat                   53 Attempting to hook IAT for module 00007FFD0C490000
182cc hook_iat                   54 Target is (null),GetEnvironmentVariableW (by_name=1)
182cc pe_info::iterate_imports  154 Checking imports in 'VERSION.dll'
182cc pe_info::iterate_imports  154 Checking imports in 'SHLWAPI.dll'
182cc pe_info::iterate_imports  154 Checking imports in 'dbghelp.dll'
182cc pe_info::iterate_imports  154 Checking imports in 'KERNEL32.dll'
182cc hook_iat                   81 Found import at 00007FFD0C54C1C8 (value = 00007FFD457DAAF0)
182cc hook_setter::commit        88 <<< Hook transaction committed.
182cc hook_iat                   53 Attempting to hook IAT for module 00007FF7FAD90000
182cc hook_iat                   54 Target is (null),GetEnvironmentVariableW (by_name=1)
182cc pe_info::iterate_imports  154 Checking imports in 'msvcrt.dll'
182cc pe_info::iterate_imports  154 Checking imports in 'ntdll.dll'
182cc pe_info::iterate_imports  154 Checking imports in 'api-ms-win-core-kernel32-legacy-l1-1-0.dll'
182cc pe_info::iterate_imports  154 Checking imports in 'api-ms-win-core-libraryloader-l1-2-0.dll'
182cc pe_info::iterate_imports  154 Checking imports in 'api-ms-win-core-synch-l1-1-0.dll'
182cc pe_info::iterate_imports  154 Checking imports in 'api-ms-win-core-heap-l1-1-0.dll'
182cc pe_info::iterate_imports  154 Checking imports in 'api-ms-win-core-errorhandling-l1-1-0.dll'
182cc pe_info::iterate_imports  154 Checking imports in 'api-ms-win-core-processthreads-l1-1-0.dll'
182cc pe_info::iterate_imports  154 Checking imports in 'api-ms-win-core-localization-l1-2-0.dll'
182cc pe_info::iterate_imports  154 Checking imports in 'api-ms-win-core-debug-l1-1-0.dll'
182cc pe_info::iterate_imports  154 Checking imports in 'api-ms-win-core-handle-l1-1-0.dll'
182cc pe_info::iterate_imports  154 Checking imports in 'api-ms-win-core-memory-l1-1-0.dll'
182cc pe_info::iterate_imports  154 Checking imports in 'api-ms-win-core-console-l1-1-0.dll'
182cc pe_info::iterate_imports  154 Checking imports in 'api-ms-win-core-file-l1-1-0.dll'
182cc pe_info::iterate_imports  154 Checking imports in 'api-ms-win-core-string-l1-1-0.dll'
182cc pe_info::iterate_imports  154 Checking imports in 'api-ms-win-core-processenvironment-l1-1-0.dll'
182cc hook_iat                   81 Found import at 00007FF7FADC1850 (value = 00007FFD0C49D770)
182cc hook_setter::hook_setter   36 >>> Started hook transaction.
182cc hook_setter::add_detour   119 Attempting to hook ReadConsoleW in kernelbase.dll with 00007FFD0C49DAE0.
182cc add_repair_iat_node       135 Attempting to hook IAT for module 00007FFD0C490000.
182cc add_repair_iat_node       143 Target is ReadConsoleW (by name).
182cc pe_info::iterate_imports  154 Checking imports in 'VERSION.dll'
182cc pe_info::iterate_imports  154 Checking imports in 'SHLWAPI.dll'
182cc pe_info::iterate_imports  154 Checking imports in 'dbghelp.dll'
182cc pe_info::iterate_imports  154 Checking imports in 'KERNEL32.dll'
182cc add_repair_iat_node       168 Found import at 00007FFD0C54C1C0 (value is 00007FFD457E28F0).
182cc hook_setter::add_detour   119 Attempting to hook ReadConsoleW in kernel32.dll with 00007FFD0C49DAE0.
182cc follow_jump               121 Following jump to 00007FFD44C041C0
182cc add_repair_iat_node       135 Attempting to hook IAT for module 00007FFD0C490000.
182cc add_repair_iat_node       143 Target is ReadConsoleW (by name).
182cc pe_info::iterate_imports  154 Checking imports in 'VERSION.dll'
182cc pe_info::iterate_imports  154 Checking imports in 'SHLWAPI.dll'
182cc pe_info::iterate_imports  154 Checking imports in 'dbghelp.dll'
182cc pe_info::iterate_imports  154 Checking imports in 'KERNEL32.dll'
182cc add_repair_iat_node       168 Found import at 00007FFD0C54C1C0 (value is 00007FFD457E28F0).
182cc hook_setter::commit        88 <<< Hook transaction committed.
182cc history_db::initialise    789 master bank ctag: |CTAG_1612254756_86747437_13960_0
182cc history_db::compact       922 History:  23 active, 10 deleted
182cc win_screen_buffer::begin   77 Using native terminal support; found 'conemuhk64.dll'.
182cc history_db::compact       922 History:  22 active, 11 deleted
20008 initialise_clink          100 Host process is 'cmd.exe'
20008 hook_setter::hook_setter   36 >>> Started hook transaction.
20008 hook_iat                   53 Attempting to hook IAT for module 00007FF6C61B0000
20008 hook_iat                   54 Target is (null),SetEnvironmentVariableW (by_name=1)
20008 pe_info::iterate_imports  154 Checking imports in 'msvcrt.dll'
20008 pe_info::iterate_imports  154 Checking imports in 'ntdll.dll'
20008 pe_info::iterate_imports  154 Checking imports in 'api-ms-win-core-kernel32-legacy-l1-1-0.dll'
20008 pe_info::iterate_imports  154 Checking imports in 'api-ms-win-core-libraryloader-l1-2-0.dll'
20008 pe_info::iterate_imports  154 Checking imports in 'api-ms-win-core-synch-l1-1-0.dll'
20008 pe_info::iterate_imports  154 Checking imports in 'api-ms-win-core-heap-l1-1-0.dll'
20008 pe_info::iterate_imports  154 Checking imports in 'api-ms-win-core-errorhandling-l1-1-0.dll'
20008 pe_info::iterate_imports  154 Checking imports in 'api-ms-win-core-processthreads-l1-1-0.dll'
20008 pe_info::iterate_imports  154 Checking imports in 'api-ms-win-core-localization-l1-2-0.dll'
20008 pe_info::iterate_imports  154 Checking imports in 'api-ms-win-core-debug-l1-1-0.dll'
20008 pe_info::iterate_imports  154 Checking imports in 'api-ms-win-core-handle-l1-1-0.dll'
20008 pe_info::iterate_imports  154 Checking imports in 'api-ms-win-core-memory-l1-1-0.dll'
20008 pe_info::iterate_imports  154 Checking imports in 'api-ms-win-core-console-l1-1-0.dll'
20008 pe_info::iterate_imports  154 Checking imports in 'api-ms-win-core-file-l1-1-0.dll'
20008 pe_info::iterate_imports  154 Checking imports in 'api-ms-win-core-string-l1-1-0.dll'
20008 pe_info::iterate_imports  154 Checking imports in 'api-ms-win-core-processenvironment-l1-1-0.dll'
20008 hook_iat                   81 Found import at 00007FF6C61E1830 (value = 00007FFD44B7B090)
20008 hook_iat                   53 Attempting to hook IAT for module 00007FFD0AFB0000
20008 hook_iat                   54 Target is (null),SetEnvironmentVariableW (by_name=1)
20008 pe_info::iterate_imports  154 Checking imports in 'VERSION.dll'
20008 pe_info::iterate_imports  154 Checking imports in 'SHLWAPI.dll'
20008 pe_info::iterate_imports  154 Checking imports in 'dbghelp.dll'
20008 pe_info::iterate_imports  154 Checking imports in 'KERNEL32.dll'
20008 hook_iat                   81 Found import at 00007FFD0B06C1D0 (value = 00007FFD457DED80)
20008 hook_iat                   53 Attempting to hook IAT for module 00007FF6C61B0000
20008 hook_iat                   54 Target is (null),WriteConsoleW (by_name=1)
20008 pe_info::iterate_imports  154 Checking imports in 'msvcrt.dll'
20008 pe_info::iterate_imports  154 Checking imports in 'ntdll.dll'
20008 pe_info::iterate_imports  154 Checking imports in 'api-ms-win-core-kernel32-legacy-l1-1-0.dll'
20008 pe_info::iterate_imports  154 Checking imports in 'api-ms-win-core-libraryloader-l1-2-0.dll'
20008 pe_info::iterate_imports  154 Checking imports in 'api-ms-win-core-synch-l1-1-0.dll'
20008 pe_info::iterate_imports  154 Checking imports in 'api-ms-win-core-heap-l1-1-0.dll'
20008 pe_info::iterate_imports  154 Checking imports in 'api-ms-win-core-errorhandling-l1-1-0.dll'
20008 pe_info::iterate_imports  154 Checking imports in 'api-ms-win-core-processthreads-l1-1-0.dll'
20008 pe_info::iterate_imports  154 Checking imports in 'api-ms-win-core-localization-l1-2-0.dll'
20008 pe_info::iterate_imports  154 Checking imports in 'api-ms-win-core-debug-l1-1-0.dll'
20008 pe_info::iterate_imports  154 Checking imports in 'api-ms-win-core-handle-l1-1-0.dll'
20008 pe_info::iterate_imports  154 Checking imports in 'api-ms-win-core-memory-l1-1-0.dll'
20008 pe_info::iterate_imports  154 Checking imports in 'api-ms-win-core-console-l1-1-0.dll'
20008 hook_iat                   81 Found import at 00007FF6C61E14C8 (value = 00007FFD44B24B60)
20008 hook_iat                   53 Attempting to hook IAT for module 00007FFD0AFB0000
20008 hook_iat                   54 Target is (null),WriteConsoleW (by_name=1)
20008 pe_info::iterate_imports  154 Checking imports in 'VERSION.dll'
20008 pe_info::iterate_imports  154 Checking imports in 'SHLWAPI.dll'
20008 pe_info::iterate_imports  154 Checking imports in 'dbghelp.dll'
20008 pe_info::iterate_imports  154 Checking imports in 'KERNEL32.dll'
20008 hook_iat                   81 Found import at 00007FFD0B06C0C8 (value = 00007FFD457E2940)
20008 hook_iat                   53 Attempting to hook IAT for module 00007FF6C61B0000
20008 hook_iat                   54 Target is (null),GetEnvironmentVariableW (by_name=1)
20008 pe_info::iterate_imports  154 Checking imports in 'msvcrt.dll'
20008 pe_info::iterate_imports  154 Checking imports in 'ntdll.dll'
20008 pe_info::iterate_imports  154 Checking imports in 'api-ms-win-core-kernel32-legacy-l1-1-0.dll'
20008 pe_info::iterate_imports  154 Checking imports in 'api-ms-win-core-libraryloader-l1-2-0.dll'
20008 pe_info::iterate_imports  154 Checking imports in 'api-ms-win-core-synch-l1-1-0.dll'
20008 pe_info::iterate_imports  154 Checking imports in 'api-ms-win-core-heap-l1-1-0.dll'
20008 pe_info::iterate_imports  154 Checking imports in 'api-ms-win-core-errorhandling-l1-1-0.dll'
20008 pe_info::iterate_imports  154 Checking imports in 'api-ms-win-core-processthreads-l1-1-0.dll'
20008 pe_info::iterate_imports  154 Checking imports in 'api-ms-win-core-localization-l1-2-0.dll'
20008 pe_info::iterate_imports  154 Checking imports in 'api-ms-win-core-debug-l1-1-0.dll'
20008 pe_info::iterate_imports  154 Checking imports in 'api-ms-win-core-handle-l1-1-0.dll'
20008 pe_info::iterate_imports  154 Checking imports in 'api-ms-win-core-memory-l1-1-0.dll'
20008 pe_info::iterate_imports  154 Checking imports in 'api-ms-win-core-console-l1-1-0.dll'
20008 pe_info::iterate_imports  154 Checking imports in 'api-ms-win-core-file-l1-1-0.dll'
20008 pe_info::iterate_imports  154 Checking imports in 'api-ms-win-core-string-l1-1-0.dll'
20008 pe_info::iterate_imports  154 Checking imports in 'api-ms-win-core-processenvironment-l1-1-0.dll'
20008 hook_iat                   81 Found import at 00007FF6C61E1850 (value = 00007FFD44B3E630)
20008 hook_iat                   53 Attempting to hook IAT for module 00007FFD0AFB0000
20008 hook_iat                   54 Target is (null),GetEnvironmentVariableW (by_name=1)
20008 pe_info::iterate_imports  154 Checking imports in 'VERSION.dll'
20008 pe_info::iterate_imports  154 Checking imports in 'SHLWAPI.dll'
20008 pe_info::iterate_imports  154 Checking imports in 'dbghelp.dll'
20008 pe_info::iterate_imports  154 Checking imports in 'KERNEL32.dll'
20008 hook_iat                   81 Found import at 00007FFD0B06C1C8 (value = 00007FFD457DAAF0)
20008 hook_setter::commit        88 <<< Hook transaction committed.
20008 hook_iat                   53 Attempting to hook IAT for module 00007FF6C61B0000
20008 hook_iat                   54 Target is (null),GetEnvironmentVariableW (by_name=1)
20008 pe_info::iterate_imports  154 Checking imports in 'msvcrt.dll'
20008 pe_info::iterate_imports  154 Checking imports in 'ntdll.dll'
20008 pe_info::iterate_imports  154 Checking imports in 'api-ms-win-core-kernel32-legacy-l1-1-0.dll'
20008 pe_info::iterate_imports  154 Checking imports in 'api-ms-win-core-libraryloader-l1-2-0.dll'
20008 pe_info::iterate_imports  154 Checking imports in 'api-ms-win-core-synch-l1-1-0.dll'
20008 pe_info::iterate_imports  154 Checking imports in 'api-ms-win-core-heap-l1-1-0.dll'
20008 pe_info::iterate_imports  154 Checking imports in 'api-ms-win-core-errorhandling-l1-1-0.dll'
20008 pe_info::iterate_imports  154 Checking imports in 'api-ms-win-core-processthreads-l1-1-0.dll'
20008 pe_info::iterate_imports  154 Checking imports in 'api-ms-win-core-localization-l1-2-0.dll'
20008 pe_info::iterate_imports  154 Checking imports in 'api-ms-win-core-debug-l1-1-0.dll'
20008 pe_info::iterate_imports  154 Checking imports in 'api-ms-win-core-handle-l1-1-0.dll'
20008 pe_info::iterate_imports  154 Checking imports in 'api-ms-win-core-memory-l1-1-0.dll'
20008 pe_info::iterate_imports  154 Checking imports in 'api-ms-win-core-console-l1-1-0.dll'
20008 pe_info::iterate_imports  154 Checking imports in 'api-ms-win-core-file-l1-1-0.dll'
20008 pe_info::iterate_imports  154 Checking imports in 'api-ms-win-core-string-l1-1-0.dll'
20008 pe_info::iterate_imports  154 Checking imports in 'api-ms-win-core-processenvironment-l1-1-0.dll'
20008 hook_iat                   81 Found import at 00007FF6C61E1850 (value = 00007FFD0AFBD770)
20008 hook_setter::hook_setter   36 >>> Started hook transaction.
20008 hook_setter::add_detour   119 Attempting to hook ReadConsoleW in kernelbase.dll with 00007FFD0AFBDAE0.
20008 add_repair_iat_node       135 Attempting to hook IAT for module 00007FFD0AFB0000.
20008 add_repair_iat_node       143 Target is ReadConsoleW (by name).
20008 pe_info::iterate_imports  154 Checking imports in 'VERSION.dll'
20008 pe_info::iterate_imports  154 Checking imports in 'SHLWAPI.dll'
20008 pe_info::iterate_imports  154 Checking imports in 'dbghelp.dll'
20008 pe_info::iterate_imports  154 Checking imports in 'KERNEL32.dll'
20008 add_repair_iat_node       168 Found import at 00007FFD0B06C1C0 (value is 00007FFD457E28F0).
20008 hook_setter::add_detour   119 Attempting to hook ReadConsoleW in kernel32.dll with 00007FFD0AFBDAE0.
20008 follow_jump               121 Following jump to 00007FFD44C041C0
20008 add_repair_iat_node       135 Attempting to hook IAT for module 00007FFD0AFB0000.
20008 add_repair_iat_node       143 Target is ReadConsoleW (by name).
20008 pe_info::iterate_imports  154 Checking imports in 'VERSION.dll'
20008 pe_info::iterate_imports  154 Checking imports in 'SHLWAPI.dll'
20008 pe_info::iterate_imports  154 Checking imports in 'dbghelp.dll'
20008 pe_info::iterate_imports  154 Checking imports in 'KERNEL32.dll'
20008 add_repair_iat_node       168 Found import at 00007FFD0B06C1C0 (value is 00007FFD457E28F0).
20008 hook_setter::commit        88 <<< Hook transaction committed.
20008 history_db::initialise    789 master bank ctag: |CTAG_1612254756_86747437_13960_0
20008 history_db::compact       922 History:  23 active, 11 deleted
20008 win_screen_buffer::begin   77 Using native terminal support; found 'conemuhk64.dll'.
20008 history_db::compact       922 History:  22 active, 12 deleted
20008 history_db::compact       922 History:  21 active, 13 deleted
20008 history_db::compact       922 History:  21 active, 13 deleted
20008 history_db::compact       922 History:  20 active, 14 deleted
20008 history_db::compact       922 History:  20 active, 14 deleted
20008 history_db::compact       922 History:  20 active, 14 deleted
20008 history_db::compact       922 History:  19 active, 15 deleted
20008 history_db::compact       922 History:  19 active, 15 deleted
20008 history_db::compact       922 History:  19 active, 15 deleted
20008 history_db::compact       922 History:  18 active, 16 deleted
20008 history_db::compact       922 History:  18 active, 16 deleted
20008 history_db::compact       922 History:  18 active, 16 deleted
20008 history_db::compact       922 History:  18 active, 16 deleted
